23:13:14.956 karate.env system property was: null 
23:13:14.965 request:
1 > GET https://cybertek-reservation-api-qa.herokuapp.com/sign?email=teacherva5%40gmail.com&password=maxpayne
1 > Accept-Encoding: gzip,deflate
1 > Connection: Keep-Alive
1 > Host: cybertek-reservation-api-qa.herokuapp.com
1 > User-Agent: Apache-HttpClient/4.5.5 (Java/12.0.2)

23:13:16.879 response time in milliseconds: 1910.91
1 < 200
1 < Connection: close
1 < Content-Type: application/json
1 < Date: Sat, 07 Mar 2020 04:13:17 GMT
1 < Server: Jetty(9.4.8.v20171121)
1 < Via: 1.1 vegur
{"accessToken":"eyJhbGciOiJIUzI1NiJ9.eyJqdGkiOiIyMDY0IiwiYXVkIjoidGVhY2hlciJ9.japWZkmQ3ExAJA6HxXEMSm92h5ZfYARx1Ci8sSiLgzM","refreshToken":"eyJhbGciOiJIUzI1NiJ9.eyJqdGkiOiIyMDY0IiwiYXVkIjoidGVhY2hlciJ9.japWZkmQ3ExAJA6HxXEMSm92h5ZfYARx1Ci8sSiLgzM"}

23:13:16.884 [print] Token:  eyJhbGciOiJIUzI1NiJ9.eyJqdGkiOiIyMDY0IiwiYXVkIjoidGVhY2hlciJ9.japWZkmQ3ExAJA6HxXEMSm92h5ZfYARx1Ci8sSiLgzM
23:13:16.889 request:
2 > GET https://cybertek-reservation-api-qa.herokuapp.com/sign?email=teacherva5%40gmail.com&password=maxpayne
2 > Accept-Encoding: gzip,deflate
2 > Connection: Keep-Alive
2 > Host: cybertek-reservation-api-qa.herokuapp.com
2 > User-Agent: Apache-HttpClient/4.5.5 (Java/12.0.2)

23:13:19.263 response time in milliseconds: 2372.14
2 < 200
2 < Connection: close
2 < Content-Type: application/json
2 < Date: Sat, 07 Mar 2020 04:13:19 GMT
2 < Server: Jetty(9.4.8.v20171121)
2 < Via: 1.1 vegur
{"accessToken":"eyJhbGciOiJIUzI1NiJ9.eyJqdGkiOiIyMDY0IiwiYXVkIjoidGVhY2hlciJ9.japWZkmQ3ExAJA6HxXEMSm92h5ZfYARx1Ci8sSiLgzM","refreshToken":"eyJhbGciOiJIUzI1NiJ9.eyJqdGkiOiIyMDY0IiwiYXVkIjoidGVhY2hlciJ9.japWZkmQ3ExAJA6HxXEMSm92h5ZfYARx1Ci8sSiLgzM"}

23:13:19.266 [print] Token:  eyJhbGciOiJIUzI1NiJ9.eyJqdGkiOiIyMDY0IiwiYXVkIjoidGVhY2hlciJ9.japWZkmQ3ExAJA6HxXEMSm92h5ZfYARx1Ci8sSiLgzM
