22:55:17.223 [main] INFO  com.intuit.karate - karate.env system property was: null 
22:55:17.827 [main] DEBUG com.intuit.karate - request:
1 > GET https://cybertek-reservation-api-qa.herokuapp.com/sign?email=teacherva5%40gmail.com&password=maxpayne
1 > Accept-Encoding: gzip,deflate
1 > Connection: Keep-Alive
1 > Host: cybertek-reservation-api-qa.herokuapp.com
1 > User-Agent: Apache-HttpClient/4.5.5 (Java/12.0.2)

22:55:20.554 [main] DEBUG com.intuit.karate - response time in milliseconds: 2717.22
1 < 200
1 < Connection: close
1 < Content-Type: application/json
1 < Date: Sat, 07 Mar 2020 03:55:21 GMT
1 < Server: Jetty(9.4.8.v20171121)
1 < Via: 1.1 vegur
{"accessToken":"eyJhbGciOiJIUzI1NiJ9.eyJqdGkiOiIyMDY0IiwiYXVkIjoidGVhY2hlciJ9.japWZkmQ3ExAJA6HxXEMSm92h5ZfYARx1Ci8sSiLgzM","refreshToken":"eyJhbGciOiJIUzI1NiJ9.eyJqdGkiOiIyMDY0IiwiYXVkIjoidGVhY2hlciJ9.japWZkmQ3ExAJA6HxXEMSm92h5ZfYARx1Ci8sSiLgzM"}

22:55:20.579 [main] INFO  com.intuit.karate - [print] Token:  eyJhbGciOiJIUzI1NiJ9.eyJqdGkiOiIyMDY0IiwiYXVkIjoidGVhY2hlciJ9.japWZkmQ3ExAJA6HxXEMSm92h5ZfYARx1Ci8sSiLgzM
22:55:20.585 [main] DEBUG com.intuit.karate - request:
2 > GET https://cybertek-reservation-api-qa.herokuapp.com/api/rooms
2 > Accept-Encoding: gzip,deflate
2 > Connection: Keep-Alive
2 > Host: cybertek-reservation-api-qa.herokuapp.com
2 > User-Agent: Apache-HttpClient/4.5.5 (Java/12.0.2)

22:55:20.643 [main] DEBUG com.intuit.karate - response time in milliseconds: 56.53
2 < 422
2 < Connection: close
2 < Content-Type: text/html;charset=utf-8
2 < Date: Sat, 07 Mar 2020 03:55:23 GMT
2 < Server: Jetty(9.4.8.v20171121)
2 < Via: 1.1 vegur
empty or invalid sign.

22:55:20.644 [main] ERROR com.intuit.karate - status code was: 422, expected: 401, response time: 57, url: https://cybertek-reservation-api-qa.herokuapp.com/api/rooms, response: empty or invalid sign.
23:01:10.109 [main] INFO  com.intuit.karate - karate.env system property was: null 
23:01:10.643 [main] DEBUG com.intuit.karate - request:
1 > GET https://cybertek-reservation-api-qa.herokuapp.com/sign?email=teacherva5%40gmail.com&password=maxpayne
1 > Accept-Encoding: gzip,deflate
1 > Connection: Keep-Alive
1 > Host: cybertek-reservation-api-qa.herokuapp.com
1 > User-Agent: Apache-HttpClient/4.5.5 (Java/12.0.2)

23:01:13.518 [main] DEBUG com.intuit.karate - response time in milliseconds: 2867.88
1 < 200
1 < Connection: close
1 < Content-Type: application/json
1 < Date: Sat, 07 Mar 2020 04:01:13 GMT
1 < Server: Jetty(9.4.8.v20171121)
1 < Via: 1.1 vegur
{"accessToken":"eyJhbGciOiJIUzI1NiJ9.eyJqdGkiOiIyMDY0IiwiYXVkIjoidGVhY2hlciJ9.japWZkmQ3ExAJA6HxXEMSm92h5ZfYARx1Ci8sSiLgzM","refreshToken":"eyJhbGciOiJIUzI1NiJ9.eyJqdGkiOiIyMDY0IiwiYXVkIjoidGVhY2hlciJ9.japWZkmQ3ExAJA6HxXEMSm92h5ZfYARx1Ci8sSiLgzM"}

23:01:13.546 [main] INFO  com.intuit.karate - [print] Token:  eyJhbGciOiJIUzI1NiJ9.eyJqdGkiOiIyMDY0IiwiYXVkIjoidGVhY2hlciJ9.japWZkmQ3ExAJA6HxXEMSm92h5ZfYARx1Ci8sSiLgzM
23:01:13.552 [main] DEBUG com.intuit.karate - request:
2 > GET https://cybertek-reservation-api-qa.herokuapp.com/api/rooms
2 > Accept-Encoding: gzip,deflate
2 > Connection: Keep-Alive
2 > Host: cybertek-reservation-api-qa.herokuapp.com
2 > User-Agent: Apache-HttpClient/4.5.5 (Java/12.0.2)

23:01:13.612 [main] DEBUG com.intuit.karate - response time in milliseconds: 59.15
2 < 422
2 < Connection: close
2 < Content-Type: text/html;charset=utf-8
2 < Date: Sat, 07 Mar 2020 04:01:16 GMT
2 < Server: Jetty(9.4.8.v20171121)
2 < Via: 1.1 vegur
empty or invalid sign.

23:01:13.614 [main] ERROR com.intuit.karate - status code was: 422, expected: 401, response time: 59, url: https://cybertek-reservation-api-qa.herokuapp.com/api/rooms, response: empty or invalid sign.
23:01:45.417 [main] INFO  com.intuit.karate - karate.env system property was: null 
23:01:45.834 [main] DEBUG com.intuit.karate - request:
1 > GET https://cybertek-reservation-api-qa.herokuapp.com/sign?email=teacherva5%40gmail.com&password=maxpayne
1 > Accept-Encoding: gzip,deflate
1 > Connection: Keep-Alive
1 > Host: cybertek-reservation-api-qa.herokuapp.com
1 > User-Agent: Apache-HttpClient/4.5.5 (Java/12.0.2)

23:01:48.407 [main] DEBUG com.intuit.karate - response time in milliseconds: 2565.22
1 < 200
1 < Connection: close
1 < Content-Type: application/json
1 < Date: Sat, 07 Mar 2020 04:01:48 GMT
1 < Server: Jetty(9.4.8.v20171121)
1 < Via: 1.1 vegur
{"accessToken":"eyJhbGciOiJIUzI1NiJ9.eyJqdGkiOiIyMDY0IiwiYXVkIjoidGVhY2hlciJ9.japWZkmQ3ExAJA6HxXEMSm92h5ZfYARx1Ci8sSiLgzM","refreshToken":"eyJhbGciOiJIUzI1NiJ9.eyJqdGkiOiIyMDY0IiwiYXVkIjoidGVhY2hlciJ9.japWZkmQ3ExAJA6HxXEMSm92h5ZfYARx1Ci8sSiLgzM"}

23:01:48.439 [main] INFO  com.intuit.karate - [print] Token:  eyJhbGciOiJIUzI1NiJ9.eyJqdGkiOiIyMDY0IiwiYXVkIjoidGVhY2hlciJ9.japWZkmQ3ExAJA6HxXEMSm92h5ZfYARx1Ci8sSiLgzM
23:01:48.448 [main] DEBUG com.intuit.karate - request:
2 > GET https://cybertek-reservation-api-qa.herokuapp.com/api/rooms
2 > Accept-Encoding: gzip,deflate
2 > Connection: Keep-Alive
2 > Host: cybertek-reservation-api-qa.herokuapp.com
2 > User-Agent: Apache-HttpClient/4.5.5 (Java/12.0.2)

23:01:48.516 [main] DEBUG com.intuit.karate - response time in milliseconds: 66.38
2 < 422
2 < Connection: close
2 < Content-Type: text/html;charset=utf-8
2 < Date: Sat, 07 Mar 2020 04:01:51 GMT
2 < Server: Jetty(9.4.8.v20171121)
2 < Via: 1.1 vegur
empty or invalid sign.

23:07:06.851 [main] INFO  com.intuit.karate - karate.env system property was: null 
23:07:07.427 [main] DEBUG com.intuit.karate - request:
1 > GET https://cybertek-reservation-api-qa.herokuapp.com/sign?email=teacherva5%40gmail.com&password=maxpayne
1 > Accept-Encoding: gzip,deflate
1 > Connection: Keep-Alive
1 > Host: cybertek-reservation-api-qa.herokuapp.com
1 > User-Agent: Apache-HttpClient/4.5.5 (Java/12.0.2)

23:07:10.176 [main] DEBUG com.intuit.karate - response time in milliseconds: 2741.72
1 < 200
1 < Connection: close
1 < Content-Type: application/json
1 < Date: Sat, 07 Mar 2020 04:07:10 GMT
1 < Server: Jetty(9.4.8.v20171121)
1 < Via: 1.1 vegur
{"accessToken":"eyJhbGciOiJIUzI1NiJ9.eyJqdGkiOiIyMDY0IiwiYXVkIjoidGVhY2hlciJ9.japWZkmQ3ExAJA6HxXEMSm92h5ZfYARx1Ci8sSiLgzM","refreshToken":"eyJhbGciOiJIUzI1NiJ9.eyJqdGkiOiIyMDY0IiwiYXVkIjoidGVhY2hlciJ9.japWZkmQ3ExAJA6HxXEMSm92h5ZfYARx1Ci8sSiLgzM"}

23:07:10.202 [main] INFO  com.intuit.karate - [print] Token:  eyJhbGciOiJIUzI1NiJ9.eyJqdGkiOiIyMDY0IiwiYXVkIjoidGVhY2hlciJ9.japWZkmQ3ExAJA6HxXEMSm92h5ZfYARx1Ci8sSiLgzM
23:07:10.210 [main] DEBUG com.intuit.karate - request:
2 > GET https://cybertek-reservation-api-qa.herokuapp.com/api/rooms
2 > Accept-Encoding: gzip,deflate
2 > Connection: Keep-Alive
2 > Host: cybertek-reservation-api-qa.herokuapp.com
2 > User-Agent: Apache-HttpClient/4.5.5 (Java/12.0.2)

23:07:10.282 [main] DEBUG com.intuit.karate - response time in milliseconds: 68.93
2 < 422
2 < Connection: close
2 < Content-Type: text/html;charset=utf-8
2 < Date: Sat, 07 Mar 2020 04:07:12 GMT
2 < Server: Jetty(9.4.8.v20171121)
2 < Via: 1.1 vegur
empty or invalid sign.

23:07:10.333 [main] INFO  com.intuit.karate - karate.env system property was: null 
23:07:10.337 [main] DEBUG com.intuit.karate - request:
1 > GET https://cybertek-reservation-api-qa.herokuapp.com/sign?email=teacherva5%40gmail.com&password=maxpayne
1 > Accept-Encoding: gzip,deflate
1 > Connection: Keep-Alive
1 > Host: cybertek-reservation-api-qa.herokuapp.com
1 > User-Agent: Apache-HttpClient/4.5.5 (Java/12.0.2)

23:07:12.590 [main] DEBUG com.intuit.karate - response time in milliseconds: 2249.84
1 < 200
1 < Connection: close
1 < Content-Type: application/json
1 < Date: Sat, 07 Mar 2020 04:07:13 GMT
1 < Server: Jetty(9.4.8.v20171121)
1 < Via: 1.1 vegur
{"accessToken":"eyJhbGciOiJIUzI1NiJ9.eyJqdGkiOiIyMDY0IiwiYXVkIjoidGVhY2hlciJ9.japWZkmQ3ExAJA6HxXEMSm92h5ZfYARx1Ci8sSiLgzM","refreshToken":"eyJhbGciOiJIUzI1NiJ9.eyJqdGkiOiIyMDY0IiwiYXVkIjoidGVhY2hlciJ9.japWZkmQ3ExAJA6HxXEMSm92h5ZfYARx1Ci8sSiLgzM"}

23:07:12.595 [main] INFO  com.intuit.karate - [print] Token:  eyJhbGciOiJIUzI1NiJ9.eyJqdGkiOiIyMDY0IiwiYXVkIjoidGVhY2hlciJ9.japWZkmQ3ExAJA6HxXEMSm92h5ZfYARx1Ci8sSiLgzM
23:07:12.600 [main] DEBUG com.intuit.karate - request:
2 > GET https://cybertek-reservation-api-qa.herokuapp.com/sign?email=teacherva5%40gmail.com&password=maxpayne
2 > Accept-Encoding: gzip,deflate
2 > Connection: Keep-Alive
2 > Host: cybertek-reservation-api-qa.herokuapp.com
2 > User-Agent: Apache-HttpClient/4.5.5 (Java/12.0.2)

23:07:15.074 [main] DEBUG com.intuit.karate - response time in milliseconds: 2472.65
2 < 200
2 < Connection: close
2 < Content-Type: application/json
2 < Date: Sat, 07 Mar 2020 04:07:15 GMT
2 < Server: Jetty(9.4.8.v20171121)
2 < Via: 1.1 vegur
{"accessToken":"eyJhbGciOiJIUzI1NiJ9.eyJqdGkiOiIyMDY0IiwiYXVkIjoidGVhY2hlciJ9.japWZkmQ3ExAJA6HxXEMSm92h5ZfYARx1Ci8sSiLgzM","refreshToken":"eyJhbGciOiJIUzI1NiJ9.eyJqdGkiOiIyMDY0IiwiYXVkIjoidGVhY2hlciJ9.japWZkmQ3ExAJA6HxXEMSm92h5ZfYARx1Ci8sSiLgzM"}

23:13:11.534 [main] INFO  com.intuit.karate - karate.env system property was: null 
23:13:11.992 [main] DEBUG com.intuit.karate - request:
1 > GET https://cybertek-reservation-api-qa.herokuapp.com/sign?email=teacherva5%40gmail.com&password=maxpayne
1 > Accept-Encoding: gzip,deflate
1 > Connection: Keep-Alive
1 > Host: cybertek-reservation-api-qa.herokuapp.com
1 > User-Agent: Apache-HttpClient/4.5.5 (Java/12.0.2)

23:13:14.815 [main] DEBUG com.intuit.karate - response time in milliseconds: 2815.35
1 < 200
1 < Connection: close
1 < Content-Type: application/json
1 < Date: Sat, 07 Mar 2020 04:13:15 GMT
1 < Server: Jetty(9.4.8.v20171121)
1 < Via: 1.1 vegur
{"accessToken":"eyJhbGciOiJIUzI1NiJ9.eyJqdGkiOiIyMDY0IiwiYXVkIjoidGVhY2hlciJ9.japWZkmQ3ExAJA6HxXEMSm92h5ZfYARx1Ci8sSiLgzM","refreshToken":"eyJhbGciOiJIUzI1NiJ9.eyJqdGkiOiIyMDY0IiwiYXVkIjoidGVhY2hlciJ9.japWZkmQ3ExAJA6HxXEMSm92h5ZfYARx1Ci8sSiLgzM"}

23:13:14.842 [main] INFO  com.intuit.karate - [print] Token:  eyJhbGciOiJIUzI1NiJ9.eyJqdGkiOiIyMDY0IiwiYXVkIjoidGVhY2hlciJ9.japWZkmQ3ExAJA6HxXEMSm92h5ZfYARx1Ci8sSiLgzM
23:13:14.853 [main] DEBUG com.intuit.karate - request:
2 > GET https://cybertek-reservation-api-qa.herokuapp.com/api/rooms
2 > Accept-Encoding: gzip,deflate
2 > Connection: Keep-Alive
2 > Host: cybertek-reservation-api-qa.herokuapp.com
2 > User-Agent: Apache-HttpClient/4.5.5 (Java/12.0.2)

23:13:14.923 [main] DEBUG com.intuit.karate - response time in milliseconds: 68.15
2 < 422
2 < Connection: close
2 < Content-Type: text/html;charset=utf-8
2 < Date: Sat, 07 Mar 2020 04:13:17 GMT
2 < Server: Jetty(9.4.8.v20171121)
2 < Via: 1.1 vegur
empty or invalid sign.

23:13:14.956 [main] INFO  com.intuit.karate - karate.env system property was: null 
23:13:14.964 [main] DEBUG com.intuit.karate - request:
1 > GET https://cybertek-reservation-api-qa.herokuapp.com/sign?email=teacherva5%40gmail.com&password=maxpayne
1 > Accept-Encoding: gzip,deflate
1 > Connection: Keep-Alive
1 > Host: cybertek-reservation-api-qa.herokuapp.com
1 > User-Agent: Apache-HttpClient/4.5.5 (Java/12.0.2)

23:13:16.878 [main] DEBUG com.intuit.karate - response time in milliseconds: 1910.91
1 < 200
1 < Connection: close
1 < Content-Type: application/json
1 < Date: Sat, 07 Mar 2020 04:13:17 GMT
1 < Server: Jetty(9.4.8.v20171121)
1 < Via: 1.1 vegur
{"accessToken":"eyJhbGciOiJIUzI1NiJ9.eyJqdGkiOiIyMDY0IiwiYXVkIjoidGVhY2hlciJ9.japWZkmQ3ExAJA6HxXEMSm92h5ZfYARx1Ci8sSiLgzM","refreshToken":"eyJhbGciOiJIUzI1NiJ9.eyJqdGkiOiIyMDY0IiwiYXVkIjoidGVhY2hlciJ9.japWZkmQ3ExAJA6HxXEMSm92h5ZfYARx1Ci8sSiLgzM"}

23:13:16.884 [main] INFO  com.intuit.karate - [print] Token:  eyJhbGciOiJIUzI1NiJ9.eyJqdGkiOiIyMDY0IiwiYXVkIjoidGVhY2hlciJ9.japWZkmQ3ExAJA6HxXEMSm92h5ZfYARx1Ci8sSiLgzM
23:13:16.889 [main] DEBUG com.intuit.karate - request:
2 > GET https://cybertek-reservation-api-qa.herokuapp.com/sign?email=teacherva5%40gmail.com&password=maxpayne
2 > Accept-Encoding: gzip,deflate
2 > Connection: Keep-Alive
2 > Host: cybertek-reservation-api-qa.herokuapp.com
2 > User-Agent: Apache-HttpClient/4.5.5 (Java/12.0.2)

23:13:19.263 [main] DEBUG com.intuit.karate - response time in milliseconds: 2372.14
2 < 200
2 < Connection: close
2 < Content-Type: application/json
2 < Date: Sat, 07 Mar 2020 04:13:19 GMT
2 < Server: Jetty(9.4.8.v20171121)
2 < Via: 1.1 vegur
{"accessToken":"eyJhbGciOiJIUzI1NiJ9.eyJqdGkiOiIyMDY0IiwiYXVkIjoidGVhY2hlciJ9.japWZkmQ3ExAJA6HxXEMSm92h5ZfYARx1Ci8sSiLgzM","refreshToken":"eyJhbGciOiJIUzI1NiJ9.eyJqdGkiOiIyMDY0IiwiYXVkIjoidGVhY2hlciJ9.japWZkmQ3ExAJA6HxXEMSm92h5ZfYARx1Ci8sSiLgzM"}

23:13:19.265 [main] INFO  com.intuit.karate - [print] Token:  eyJhbGciOiJIUzI1NiJ9.eyJqdGkiOiIyMDY0IiwiYXVkIjoidGVhY2hlciJ9.japWZkmQ3ExAJA6HxXEMSm92h5ZfYARx1Ci8sSiLgzM
